# JRE version: Java(TM) SE Runtime Environment (8.0_212-b10) (build 1.8.0_212-b10)
# Java VM: Java HotSpot(TM) 64-Bit Server VM (25.212-b10 mixed mode windows-amd64 compressed oops)
Heap:
 PSYoungGen      total 160768K, used 12776K [0x00000000e0000000, 0x00000000ea980000, 0x0000000100000000)
  eden space 147968K, 0% used [0x00000000e0000000,0x00000000e0000000,0x00000000e9080000)
  from space 12800K, 99% used [0x00000000e9080000,0x00000000e9cfa0b0,0x00000000e9d00000)
  to   space 12288K, 0% used [0x00000000e9d80000,0x00000000e9d80000,0x00000000ea980000)
 ParOldGen       total 81920K, used 21391K [0x00000000a0000000, 0x00000000a5000000, 0x00000000e0000000)
  object space 81920K, 26% used [0x00000000a0000000,0x00000000a14e3da0,0x00000000a5000000)
 Metaspace       used 47512K, capacity 48656K, committed 48768K, reserved 1091584K
  class space    used 6503K, capacity 6773K, committed 6784K, reserved 1048576K
GC Heap History (10 events):
Event: 19.808 GC heap before
{Heap before GC invocations=6 (full 1):
 PSYoungGen      total 47616K, used 6640K [0x00000000e0000000, 0x00000000e6800000, 0x0000000100000000)
  eden space 40960K, 0% used [0x00000000e0000000,0x00000000e0000000,0x00000000e2800000)
  from space 6656K, 99% used [0x00000000e2800000,0x00000000e2e7c0e8,0x00000000e2e80000)
  to   space 12288K, 0% used [0x00000000e5c00000,0x00000000e5c00000,0x00000000e6800000)
 ParOldGen       total 109568K, used 8162K [0x00000000a0000000, 0x00000000a6b00000, 0x00000000e0000000)
  object space 109568K, 7% used [0x00000000a0000000,0x00000000a07f8a00,0x00000000a6b00000)
 Metaspace       used 20563K, capacity 20996K, committed 21248K, reserved 1067008K
  class space    used 3043K, capacity 3202K, committed 3328K, reserved 1048576K
Event: 19.843 GC heap after
Heap after GC invocations=6 (full 1):
 PSYoungGen      total 47616K, used 0K [0x00000000e0000000, 0x00000000e6800000, 0x0000000100000000)
  eden space 40960K, 0% used [0x00000000e0000000,0x00000000e0000000,0x00000000e2800000)
  from space 6656K, 0% used [0x00000000e2800000,0x00000000e2800000,0x00000000e2e80000)
  to   space 12288K, 0% used [0x00000000e5c00000,0x00000000e5c00000,0x00000000e6800000)
 ParOldGen       total 61952K, used 10340K [0x00000000a0000000, 0x00000000a3c80000, 0x00000000e0000000)
  object space 61952K, 16% used [0x00000000a0000000,0x00000000a0a19128,0x00000000a3c80000)
 Metaspace       used 20563K, capacity 20996K, committed 21248K, reserved 1067008K
  class space    used 3043K, capacity 3202K, committed 3328K, reserved 1048576K
}
Event: 21.154 GC heap before
{Heap before GC invocations=7 (full 1):
 PSYoungGen      total 47616K, used 40960K [0x00000000e0000000, 0x00000000e6800000, 0x0000000100000000)
  eden space 40960K, 100% used [0x00000000e0000000,0x00000000e2800000,0x00000000e2800000)
  from space 6656K, 0% used [0x00000000e2800000,0x00000000e2800000,0x00000000e2e80000)
  to   space 12288K, 0% used [0x00000000e5c00000,0x00000000e5c00000,0x00000000e6800000)
 ParOldGen       total 61952K, used 10340K [0x00000000a0000000, 0x00000000a3c80000, 0x00000000e0000000)
  object space 61952K, 16% used [0x00000000a0000000,0x00000000a0a19128,0x00000000a3c80000)
 Metaspace       used 26672K, capacity 27074K, committed 27392K, reserved 1073152K
  class space    used 3699K, capacity 3816K, committed 3840K, reserved 1048576K
Event: 21.177 GC heap after
Heap after GC invocations=7 (full 1):
 PSYoungGen      total 84992K, used 5455K [0x00000000e0000000, 0x00000000e6380000, 0x0000000100000000)
  eden space 77312K, 0% used [0x00000000e0000000,0x00000000e0000000,0x00000000e4b80000)
  from space 7680K, 71% used [0x00000000e5c00000,0x00000000e6153db8,0x00000000e6380000)
  to   space 12288K, 0% used [0x00000000e4b80000,0x00000000e4b80000,0x00000000e5780000)
 ParOldGen       total 61952K, used 10348K [0x00000000a0000000, 0x00000000a3c80000, 0x00000000e0000000)
  object space 61952K, 16% used [0x00000000a0000000,0x00000000a0a1b128,0x00000000a3c80000)
 Metaspace       used 26672K, capacity 27074K, committed 27392K, reserved 1073152K
  class space    used 3699K, capacity 3816K, committed 3840K, reserved 1048576K
}
Event: 22.074 GC heap before
{Heap before GC invocations=8 (full 1):
 PSYoungGen      total 84992K, used 82767K [0x00000000e0000000, 0x00000000e6380000, 0x0000000100000000)
  eden space 77312K, 100% used [0x00000000e0000000,0x00000000e4b80000,0x00000000e4b80000)
  from space 7680K, 71% used [0x00000000e5c00000,0x00000000e6153db8,0x00000000e6380000)
  to   space 12288K, 0% used [0x00000000e4b80000,0x00000000e4b80000,0x00000000e5780000)
 ParOldGen       total 61952K, used 10348K [0x00000000a0000000, 0x00000000a3c80000, 0x00000000e0000000)
  object space 61952K, 16% used [0x00000000a0000000,0x00000000a0a1b128,0x00000000a3c80000)
 Metaspace       used 31351K, capacity 31902K, committed 32256K, reserved 1077248K
  class space    used 4394K, capacity 4568K, committed 4608K, reserved 1048576K
Event: 22.121 GC heap after
Heap after GC invocations=8 (full 1):
 PSYoungGen      total 89600K, used 8732K [0x00000000e0000000, 0x00000000ea980000, 0x0000000100000000)
  eden space 77312K, 0% used [0x00000000e0000000,0x00000000e0000000,0x00000000e4b80000)
  from space 12288K, 71% used [0x00000000e4b80000,0x00000000e54072b8,0x00000000e5780000)
  to   space 12288K, 0% used [0x00000000e9d80000,0x00000000e9d80000,0x00000000ea980000)
 ParOldGen       total 61952K, used 10356K [0x00000000a0000000, 0x00000000a3c80000, 0x00000000e0000000)
  object space 61952K, 16% used [0x00000000a0000000,0x00000000a0a1d128,0x00000000a3c80000)
 Metaspace       used 31351K, capacity 31902K, committed 32256K, reserved 1077248K
  class space    used 4394K, capacity 4568K, committed 4608K, reserved 1048576K
}
Event: 24.435 GC heap before
{Heap before GC invocations=9 (full 1):
 PSYoungGen      total 89600K, used 78302K [0x00000000e0000000, 0x00000000ea980000, 0x0000000100000000)
  eden space 77312K, 89% used [0x00000000e0000000,0x00000000e43f0608,0x00000000e4b80000)
  from space 12288K, 71% used [0x00000000e4b80000,0x00000000e54072b8,0x00000000e5780000)
  to   space 12288K, 0% used [0x00000000e9d80000,0x00000000e9d80000,0x00000000ea980000)
 ParOldGen       total 61952K, used 10356K [0x00000000a0000000, 0x00000000a3c80000, 0x00000000e0000000)
  object space 61952K, 16% used [0x00000000a0000000,0x00000000a0a1d128,0x00000000a3c80000)
 Metaspace       used 34532K, capacity 35326K, committed 35416K, reserved 1079296K
  class space    used 4860K, capacity 5044K, committed 5120K, reserved 1048576K
Event: 24.444 GC heap after
Heap after GC invocations=9 (full 1):
 PSYoungGen      total 160256K, used 9834K [0x00000000e0000000, 0x00000000ea980000, 0x0000000100000000)
  eden space 147968K, 0% used [0x00000000e0000000,0x00000000e0000000,0x00000000e9080000)
  from space 12288K, 80% used [0x00000000e9d80000,0x00000000ea71abe0,0x00000000ea980000)
  to   space 12800K, 0% used [0x00000000e9080000,0x00000000e9080000,0x00000000e9d00000)
 ParOldGen       total 61952K, used 10364K [0x00000000a0000000, 0x00000000a3c80000, 0x00000000e0000000)
  object space 61952K, 16% used [0x00000000a0000000,0x00000000a0a1f128,0x00000000a3c80000)
 Metaspace       used 34532K, capacity 35326K, committed 35416K, reserved 1079296K
  class space    used 4860K, capacity 5044K, committed 5120K, reserved 1048576K
}
Event: 24.444 GC heap before
{Heap before GC invocations=10 (full 2):
 PSYoungGen      total 160256K, used 9834K [0x00000000e0000000, 0x00000000ea980000, 0x0000000100000000)
  eden space 147968K, 0% used [0x00000000e0000000,0x00000000e0000000,0x00000000e9080000)
  from space 12288K, 80% used [0x00000000e9d80000,0x00000000ea71abe0,0x00000000ea980000)
  to   space 12800K, 0% used [0x00000000e9080000,0x00000000e9080000,0x00000000e9d00000)
 ParOldGen       total 61952K, used 10364K [0x00000000a0000000, 0x00000000a3c80000, 0x00000000e0000000)
  object space 61952K, 16% used [0x00000000a0000000,0x00000000a0a1f128,0x00000000a3c80000)
 Metaspace       used 34532K, capacity 35326K, committed 35416K, reserved 1079296K
  class space    used 4860K, capacity 5044K, committed 5120K, reserved 1048576K
Event: 24.502 GC heap after
Heap after GC invocations=10 (full 2):
 PSYoungGen      total 160256K, used 0K [0x00000000e0000000, 0x00000000ea980000, 0x0000000100000000)
  eden space 147968K, 0% used [0x00000000e0000000,0x00000000e0000000,0x00000000e9080000)
  from space 12288K, 0% used [0x00000000e9d80000,0x00000000e9d80000,0x00000000ea980000)
  to   space 12800K, 0% used [0x00000000e9080000,0x00000000e9080000,0x00000000e9d00000)
 ParOldGen       total 81920K, used 16864K [0x00000000a0000000, 0x00000000a5000000, 0x00000000e0000000)
  object space 81920K, 20% used [0x00000000a0000000,0x00000000a1078228,0x00000000a5000000)
 Metaspace       used 34507K, capacity 35242K, committed 35416K, reserved 1079296K
  class space    used 4852K, capacity 5030K, committed 5120K, reserved 1048576K
}

