# JRE version: Java(TM) SE Runtime Environment (8.0_212-b10) (build 1.8.0_212-b10)
# Java VM: Java HotSpot(TM) 64-Bit Server VM (25.212-b10 mixed mode windows-amd64 compressed oops)
Heap:
 PSYoungGen      total 285696K, used 113862K [0x00000000e0000000, 0x00000000f3380000, 0x0000000100000000)
  eden space 267264K, 42% used [0x00000000e0000000,0x00000000e6f31840,0x00000000f0500000)
  from space 18432K, 0% used [0x00000000f1600000,0x00000000f1600000,0x00000000f2800000)
  to   space 17408K, 0% used [0x00000000f0500000,0x00000000f0500000,0x00000000f1600000)
 ParOldGen       total 104960K, used 32200K [0x00000000a0000000, 0x00000000a6680000, 0x00000000e0000000)
  object space 104960K, 30% used [0x00000000a0000000,0x00000000a1f720f8,0x00000000a6680000)
 Metaspace       used 61761K, capacity 63926K, committed 64128K, reserved 1103872K
  class space    used 8791K, capacity 9264K, committed 9344K, reserved 1048576K
GC Heap History (10 events):
Event: 6.843 GC heap before
{Heap before GC invocations=7 (full 1):
 PSYoungGen      total 170496K, used 35685K [0x00000000e0000000, 0x00000000f2800000, 0x0000000100000000)
  eden space 163840K, 17% used [0x00000000e0000000,0x00000000e1c5d510,0x00000000ea000000)
  from space 6656K, 99% used [0x00000000ea000000,0x00000000ea67c010,0x00000000ea680000)
  to   space 18432K, 0% used [0x00000000f1600000,0x00000000f1600000,0x00000000f2800000)
 ParOldGen       total 71680K, used 19990K [0x00000000a0000000, 0x00000000a4600000, 0x00000000e0000000)
  object space 71680K, 27% used [0x00000000a0000000,0x00000000a1385b60,0x00000000a4600000)
 Metaspace       used 34560K, capacity 35334K, committed 35416K, reserved 1079296K
  class space    used 4875K, capacity 5094K, committed 5120K, reserved 1048576K
Event: 6.867 GC heap after
Heap after GC invocations=7 (full 1):
 PSYoungGen      total 285696K, used 8459K [0x00000000e0000000, 0x00000000f3380000, 0x0000000100000000)
  eden space 267264K, 0% used [0x00000000e0000000,0x00000000e0000000,0x00000000f0500000)
  from space 18432K, 45% used [0x00000000f1600000,0x00000000f1e42d38,0x00000000f2800000)
  to   space 17408K, 0% used [0x00000000f0500000,0x00000000f0500000,0x00000000f1600000)
 ParOldGen       total 71680K, used 19998K [0x00000000a0000000, 0x00000000a4600000, 0x00000000e0000000)
  object space 71680K, 27% used [0x00000000a0000000,0x00000000a1387b60,0x00000000a4600000)
 Metaspace       used 34560K, capacity 35334K, committed 35416K, reserved 1079296K
  class space    used 4875K, capacity 5094K, committed 5120K, reserved 1048576K
}
Event: 6.867 GC heap before
{Heap before GC invocations=8 (full 2):
 PSYoungGen      total 285696K, used 8459K [0x00000000e0000000, 0x00000000f3380000, 0x0000000100000000)
  eden space 267264K, 0% used [0x00000000e0000000,0x00000000e0000000,0x00000000f0500000)
  from space 18432K, 45% used [0x00000000f1600000,0x00000000f1e42d38,0x00000000f2800000)
  to   space 17408K, 0% used [0x00000000f0500000,0x00000000f0500000,0x00000000f1600000)
 ParOldGen       total 71680K, used 19998K [0x00000000a0000000, 0x00000000a4600000, 0x00000000e0000000)
  object space 71680K, 27% used [0x00000000a0000000,0x00000000a1387b60,0x00000000a4600000)
 Metaspace       used 34560K, capacity 35334K, committed 35416K, reserved 1079296K
  class space    used 4875K, capacity 5094K, committed 5120K, reserved 1048576K
Event: 6.943 GC heap after
Heap after GC invocations=8 (full 2):
 PSYoungGen      total 285696K, used 0K [0x00000000e0000000, 0x00000000f3380000, 0x0000000100000000)
  eden space 267264K, 0% used [0x00000000e0000000,0x00000000e0000000,0x00000000f0500000)
  from space 18432K, 0% used [0x00000000f1600000,0x00000000f1600000,0x00000000f2800000)
  to   space 17408K, 0% used [0x00000000f0500000,0x00000000f0500000,0x00000000f1600000)
 ParOldGen       total 104960K, used 16519K [0x00000000a0000000, 0x00000000a6680000, 0x00000000e0000000)
  object space 104960K, 15% used [0x00000000a0000000,0x00000000a1021da0,0x00000000a6680000)
 Metaspace       used 34560K, capacity 35334K, committed 35416K, reserved 1079296K
  class space    used 4875K, capacity 5094K, committed 5120K, reserved 1048576K
}
Event: 10.636 GC heap before
{Heap before GC invocations=9 (full 2):
 PSYoungGen      total 285696K, used 267264K [0x00000000e0000000, 0x00000000f3380000, 0x0000000100000000)
  eden space 267264K, 100% used [0x00000000e0000000,0x00000000f0500000,0x00000000f0500000)
  from space 18432K, 0% used [0x00000000f1600000,0x00000000f1600000,0x00000000f2800000)
  to   space 17408K, 0% used [0x00000000f0500000,0x00000000f0500000,0x00000000f1600000)
 ParOldGen       total 104960K, used 16519K [0x00000000a0000000, 0x00000000a6680000, 0x00000000e0000000)
  object space 104960K, 15% used [0x00000000a0000000,0x00000000a1021da0,0x00000000a6680000)
 Metaspace       used 55499K, capacity 57510K, committed 57728K, reserved 1099776K
  class space    used 7835K, capacity 8286K, committed 8320K, reserved 1048576K
Event: 10.725 GC heap after
Heap after GC invocations=9 (full 2):
 PSYoungGen      total 284672K, used 17393K [0x00000000e0000000, 0x00000000f3380000, 0x0000000100000000)
  eden space 267264K, 0% used [0x00000000e0000000,0x00000000e0000000,0x00000000f0500000)
  from space 17408K, 99% used [0x00000000f0500000,0x00000000f15fc428,0x00000000f1600000)
  to   space 18432K, 0% used [0x00000000f1600000,0x00000000f1600000,0x00000000f2800000)
 ParOldGen       total 104960K, used 28039K [0x00000000a0000000, 0x00000000a6680000, 0x00000000e0000000)
  object space 104960K, 26% used [0x00000000a0000000,0x00000000a1b61cf0,0x00000000a6680000)
 Metaspace       used 55499K, capacity 57510K, committed 57728K, reserved 1099776K
  class space    used 7835K, capacity 8286K, committed 8320K, reserved 1048576K
}
Event: 10.961 GC heap before
{Heap before GC invocations=10 (full 2):
 PSYoungGen      total 284672K, used 53134K [0x00000000e0000000, 0x00000000f3380000, 0x0000000100000000)
  eden space 267264K, 13% used [0x00000000e0000000,0x00000000e22e7400,0x00000000f0500000)
  from space 17408K, 99% used [0x00000000f0500000,0x00000000f15fc428,0x00000000f1600000)
  to   space 18432K, 0% used [0x00000000f1600000,0x00000000f1600000,0x00000000f2800000)
 ParOldGen       total 104960K, used 28039K [0x00000000a0000000, 0x00000000a6680000, 0x00000000e0000000)
  object space 104960K, 26% used [0x00000000a0000000,0x00000000a1b61cf0,0x00000000a6680000)
 Metaspace       used 56938K, capacity 58976K, committed 59008K, reserved 1099776K
  class space    used 8095K, capacity 8544K, committed 8576K, reserved 1048576K
Event: 10.980 GC heap after
Heap after GC invocations=10 (full 2):
 PSYoungGen      total 285696K, used 17143K [0x00000000e0000000, 0x00000000f3380000, 0x0000000100000000)
  eden space 267264K, 0% used [0x00000000e0000000,0x00000000e0000000,0x00000000f0500000)
  from space 18432K, 93% used [0x00000000f1600000,0x00000000f26bdce8,0x00000000f2800000)
  to   space 17408K, 0% used [0x00000000f0500000,0x00000000f0500000,0x00000000f1600000)
 ParOldGen       total 104960K, used 28047K [0x00000000a0000000, 0x00000000a6680000, 0x00000000e0000000)
  object space 104960K, 26% used [0x00000000a0000000,0x00000000a1b63cf0,0x00000000a6680000)
 Metaspace       used 56938K, capacity 58976K, committed 59008K, reserved 1099776K
  class space    used 8095K, capacity 8544K, committed 8576K, reserved 1048576K
}
Event: 10.980 GC heap before
{Heap before GC invocations=11 (full 3):
 PSYoungGen      total 285696K, used 17143K [0x00000000e0000000, 0x00000000f3380000, 0x0000000100000000)
  eden space 267264K, 0% used [0x00000000e0000000,0x00000000e0000000,0x00000000f0500000)
  from space 18432K, 93% used [0x00000000f1600000,0x00000000f26bdce8,0x00000000f2800000)
  to   space 17408K, 0% used [0x00000000f0500000,0x00000000f0500000,0x00000000f1600000)
 ParOldGen       total 104960K, used 28047K [0x00000000a0000000, 0x00000000a6680000, 0x00000000e0000000)
  object space 104960K, 26% used [0x00000000a0000000,0x00000000a1b63cf0,0x00000000a6680000)
 Metaspace       used 56938K, capacity 58976K, committed 59008K, reserved 1099776K
  class space    used 8095K, capacity 8544K, committed 8576K, reserved 1048576K
Event: 11.218 GC heap after
Heap after GC invocations=11 (full 3):
 PSYoungGen      total 285696K, used 0K [0x00000000e0000000, 0x00000000f3380000, 0x0000000100000000)
  eden space 267264K, 0% used [0x00000000e0000000,0x00000000e0000000,0x00000000f0500000)
  from space 18432K, 0% used [0x00000000f1600000,0x00000000f1600000,0x00000000f2800000)
  to   space 17408K, 0% used [0x00000000f0500000,0x00000000f0500000,0x00000000f1600000)
 ParOldGen       total 104960K, used 32200K [0x00000000a0000000, 0x00000000a6680000, 0x00000000e0000000)
  object space 104960K, 30% used [0x00000000a0000000,0x00000000a1f720f8,0x00000000a6680000)
 Metaspace       used 56918K, capacity 58910K, committed 59008K, reserved 1099776K
  class space    used 8088K, capacity 8533K, committed 8576K, reserved 1048576K
}

