# JRE version: Java(TM) SE Runtime Environment (8.0_212-b10) (build 1.8.0_212-b10)
# Java VM: Java HotSpot(TM) 64-Bit Server VM (25.212-b10 mixed mode windows-amd64 compressed oops)
Heap:
 PSYoungGen      total 164352K, used 36584K [0x00000000e0000000, 0x00000000eb080000, 0x0000000100000000)
  eden space 150528K, 15% used [0x00000000e0000000,0x00000000e163ea70,0x00000000e9300000)
  from space 13824K, 99% used [0x00000000e9300000,0x00000000ea07b940,0x00000000ea080000)
  to   space 12800K, 0% used [0x00000000ea080000,0x00000000ea080000,0x00000000ead00000)
 ParOldGen       total 86016K, used 22434K [0x00000000a0000000, 0x00000000a5400000, 0x00000000e0000000)
  object space 86016K, 26% used [0x00000000a0000000,0x00000000a15e8928,0x00000000a5400000)
 Metaspace       used 48950K, capacity 50328K, committed 50688K, reserved 1093632K
  class space    used 6719K, capacity 7056K, committed 7168K, reserved 1048576K
GC Heap History (10 events):
Event: 21.014 GC heap before
{Heap before GC invocations=7 (full 1):
 PSYoungGen      total 47616K, used 40960K [0x00000000e0000000, 0x00000000e6800000, 0x0000000100000000)
  eden space 40960K, 100% used [0x00000000e0000000,0x00000000e2800000,0x00000000e2800000)
  from space 6656K, 0% used [0x00000000e2800000,0x00000000e2800000,0x00000000e2e80000)
  to   space 12288K, 0% used [0x00000000e5c00000,0x00000000e5c00000,0x00000000e6800000)
 ParOldGen       total 60928K, used 10098K [0x00000000a0000000, 0x00000000a3b80000, 0x00000000e0000000)
  object space 60928K, 16% used [0x00000000a0000000,0x00000000a09dcbf0,0x00000000a3b80000)
 Metaspace       used 26797K, capacity 27406K, committed 27520K, reserved 1073152K
  class space    used 3711K, capacity 3884K, committed 3968K, reserved 1048576K
Event: 21.043 GC heap after
Heap after GC invocations=7 (full 1):
 PSYoungGen      total 88064K, used 5649K [0x00000000e0000000, 0x00000000e6500000, 0x0000000100000000)
  eden space 78848K, 0% used [0x00000000e0000000,0x00000000e0000000,0x00000000e4d00000)
  from space 9216K, 61% used [0x00000000e5c00000,0x00000000e61844c8,0x00000000e6500000)
  to   space 12288K, 0% used [0x00000000e4d00000,0x00000000e4d00000,0x00000000e5900000)
 ParOldGen       total 60928K, used 10106K [0x00000000a0000000, 0x00000000a3b80000, 0x00000000e0000000)
  object space 60928K, 16% used [0x00000000a0000000,0x00000000a09debf0,0x00000000a3b80000)
 Metaspace       used 26797K, capacity 27406K, committed 27520K, reserved 1073152K
  class space    used 3711K, capacity 3884K, committed 3968K, reserved 1048576K
}
Event: 22.304 GC heap before
{Heap before GC invocations=8 (full 1):
 PSYoungGen      total 88064K, used 84497K [0x00000000e0000000, 0x00000000e6500000, 0x0000000100000000)
  eden space 78848K, 100% used [0x00000000e0000000,0x00000000e4d00000,0x00000000e4d00000)
  from space 9216K, 61% used [0x00000000e5c00000,0x00000000e61844c8,0x00000000e6500000)
  to   space 12288K, 0% used [0x00000000e4d00000,0x00000000e4d00000,0x00000000e5900000)
 ParOldGen       total 60928K, used 10106K [0x00000000a0000000, 0x00000000a3b80000, 0x00000000e0000000)
  object space 60928K, 16% used [0x00000000a0000000,0x00000000a09debf0,0x00000000a3b80000)
 Metaspace       used 31810K, capacity 32576K, committed 32896K, reserved 1077248K
  class space    used 4403K, capacity 4613K, committed 4736K, reserved 1048576K
Event: 22.325 GC heap after
Heap after GC invocations=8 (full 1):
 PSYoungGen      total 91136K, used 9691K [0x00000000e0000000, 0x00000000ead00000, 0x0000000100000000)
  eden space 78848K, 0% used [0x00000000e0000000,0x00000000e0000000,0x00000000e4d00000)
  from space 12288K, 78% used [0x00000000e4d00000,0x00000000e5676db8,0x00000000e5900000)
  to   space 12800K, 0% used [0x00000000ea080000,0x00000000ea080000,0x00000000ead00000)
 ParOldGen       total 60928K, used 10114K [0x00000000a0000000, 0x00000000a3b80000, 0x00000000e0000000)
  object space 60928K, 16% used [0x00000000a0000000,0x00000000a09e0bf0,0x00000000a3b80000)
 Metaspace       used 31810K, capacity 32576K, committed 32896K, reserved 1077248K
  class space    used 4403K, capacity 4613K, committed 4736K, reserved 1048576K
}
Event: 23.088 GC heap before
{Heap before GC invocations=9 (full 1):
 PSYoungGen      total 91136K, used 72977K [0x00000000e0000000, 0x00000000ead00000, 0x0000000100000000)
  eden space 78848K, 80% used [0x00000000e0000000,0x00000000e3dcda40,0x00000000e4d00000)
  from space 12288K, 78% used [0x00000000e4d00000,0x00000000e5676db8,0x00000000e5900000)
  to   space 12800K, 0% used [0x00000000ea080000,0x00000000ea080000,0x00000000ead00000)
 ParOldGen       total 60928K, used 10114K [0x00000000a0000000, 0x00000000a3b80000, 0x00000000e0000000)
  object space 60928K, 16% used [0x00000000a0000000,0x00000000a09e0bf0,0x00000000a3b80000)
 Metaspace       used 34600K, capacity 35382K, committed 35416K, reserved 1079296K
  class space    used 4886K, capacity 5094K, committed 5120K, reserved 1048576K
Event: 23.114 GC heap after
Heap after GC invocations=9 (full 1):
 PSYoungGen      total 163328K, used 11176K [0x00000000e0000000, 0x00000000eb080000, 0x0000000100000000)
  eden space 150528K, 0% used [0x00000000e0000000,0x00000000e0000000,0x00000000e9300000)
  from space 12800K, 87% used [0x00000000ea080000,0x00000000eab6a328,0x00000000ead00000)
  to   space 13824K, 0% used [0x00000000e9300000,0x00000000e9300000,0x00000000ea080000)
 ParOldGen       total 60928K, used 10122K [0x00000000a0000000, 0x00000000a3b80000, 0x00000000e0000000)
  object space 60928K, 16% used [0x00000000a0000000,0x00000000a09e2bf0,0x00000000a3b80000)
 Metaspace       used 34600K, capacity 35382K, committed 35416K, reserved 1079296K
  class space    used 4886K, capacity 5094K, committed 5120K, reserved 1048576K
}
Event: 23.114 GC heap before
{Heap before GC invocations=10 (full 2):
 PSYoungGen      total 163328K, used 11176K [0x00000000e0000000, 0x00000000eb080000, 0x0000000100000000)
  eden space 150528K, 0% used [0x00000000e0000000,0x00000000e0000000,0x00000000e9300000)
  from space 12800K, 87% used [0x00000000ea080000,0x00000000eab6a328,0x00000000ead00000)
  to   space 13824K, 0% used [0x00000000e9300000,0x00000000e9300000,0x00000000ea080000)
 ParOldGen       total 60928K, used 10122K [0x00000000a0000000, 0x00000000a3b80000, 0x00000000e0000000)
  object space 60928K, 16% used [0x00000000a0000000,0x00000000a09e2bf0,0x00000000a3b80000)
 Metaspace       used 34600K, capacity 35382K, committed 35416K, reserved 1079296K
  class space    used 4886K, capacity 5094K, committed 5120K, reserved 1048576K
Event: 23.184 GC heap after
Heap after GC invocations=10 (full 2):
 PSYoungGen      total 163328K, used 0K [0x00000000e0000000, 0x00000000eb080000, 0x0000000100000000)
  eden space 150528K, 0% used [0x00000000e0000000,0x00000000e0000000,0x00000000e9300000)
  from space 12800K, 0% used [0x00000000ea080000,0x00000000ea080000,0x00000000ead00000)
  to   space 13824K, 0% used [0x00000000e9300000,0x00000000e9300000,0x00000000ea080000)
 ParOldGen       total 86016K, used 18247K [0x00000000a0000000, 0x00000000a5400000, 0x00000000e0000000)
  object space 86016K, 21% used [0x00000000a0000000,0x00000000a11d1e28,0x00000000a5400000)
 Metaspace       used 34600K, capacity 35382K, committed 35416K, reserved 1079296K
  class space    used 4886K, capacity 5094K, committed 5120K, reserved 1048576K
}
Event: 27.163 GC heap before
{Heap before GC invocations=11 (full 2):
 PSYoungGen      total 163328K, used 150528K [0x00000000e0000000, 0x00000000eb080000, 0x0000000100000000)
  eden space 150528K, 100% used [0x00000000e0000000,0x00000000e9300000,0x00000000e9300000)
  from space 12800K, 0% used [0x00000000ea080000,0x00000000ea080000,0x00000000ead00000)
  to   space 13824K, 0% used [0x00000000e9300000,0x00000000e9300000,0x00000000ea080000)
 ParOldGen       total 86016K, used 18247K [0x00000000a0000000, 0x00000000a5400000, 0x00000000e0000000)
  object space 86016K, 21% used [0x00000000a0000000,0x00000000a11d1e28,0x00000000a5400000)
 Metaspace       used 48219K, capacity 49538K, committed 49664K, reserved 1091584K
  class space    used 6598K, capacity 6884K, committed 6912K, reserved 1048576K
Event: 27.192 GC heap after
Heap after GC invocations=11 (full 2):
 PSYoungGen      total 164352K, used 13806K [0x00000000e0000000, 0x00000000eb080000, 0x0000000100000000)
  eden space 150528K, 0% used [0x00000000e0000000,0x00000000e0000000,0x00000000e9300000)
  from space 13824K, 99% used [0x00000000e9300000,0x00000000ea07b940,0x00000000ea080000)
  to   space 12800K, 0% used [0x00000000ea080000,0x00000000ea080000,0x00000000ead00000)
 ParOldGen       total 86016K, used 22434K [0x00000000a0000000, 0x00000000a5400000, 0x00000000e0000000)
  object space 86016K, 26% used [0x00000000a0000000,0x00000000a15e8928,0x00000000a5400000)
 Metaspace       used 48219K, capacity 49538K, committed 49664K, reserved 1091584K
  class space    used 6598K, capacity 6884K, committed 6912K, reserved 1048576K
}

